<?xml version="1.0" encoding="UTF-8"?>
<!-- Generated by org.testng.reporters.JUnitReportReporter -->
<testsuite hostname="LAPTOP-NEB2UBL9" failures="0" tests="1" name="uiTests.testPracticeFormPage" time="0.994" errors="0" timestamp="2025-02-26T22:23:24 IST" skipped="0">
  <testcase classname="uiTests.testPracticeFormPage" name="fillForm" time="0.994"/>
</testsuite> <!-- uiTests.testPracticeFormPage -->
