<?xml version="1.0" encoding="UTF-8"?>
<!-- Generated by org.testng.reporters.JUnitReportReporter -->
<testsuite hostname="LAPTOP-NEB2UBL9" failures="0" tests="1" name="uiTests.TestHomePage" time="1.873" errors="0" timestamp="2025-02-25T03:22:57 IST" skipped="0">
  <testcase classname="uiTests.TestHomePage" name="testCardsVisible" time="1.873"/>
</testsuite> <!-- uiTests.TestHomePage -->
