<?xml version="1.0" encoding="UTF-8"?>
<!-- Generated by org.testng.reporters.JUnitReportReporter -->
<testsuite hostname="LAPTOP-NEB2UBL9" failures="0" tests="5" name="APITest.bookStoreApi" time="3.490" errors="0" timestamp="2025-02-24T23:21:10 IST" skipped="0">
  <testcase classname="APITest.bookStoreApi" name="testCreateUserRequest" time="2.453"/>
  <testcase classname="APITest.bookStoreApi" name="testGetAuthorize" time="0.306"/>
  <testcase classname="APITest.bookStoreApi" name="testCreateUserRequest" time="0.260"/>
  <testcase classname="APITest.bookStoreApi" name="testGetBooks" time="0.225"/>
  <testcase classname="APITest.bookStoreApi" name="testGetAuthorize" time="0.246"/>
</testsuite> <!-- APITest.bookStoreApi -->
