<?xml version="1.0" encoding="UTF-8"?>
<!-- Generated by org.testng.reporters.JUnitReportReporter -->
<testsuite hostname="LAPTOP-NEB2UBL9" failures="0" tests="2" name="APITest.userCreateApi" time="2.412" errors="0" timestamp="2025-02-24T23:00:01 IST" skipped="0">
  <testcase classname="APITest.userCreateApi" name="testCreateUser" time="0.360"/>
  <testcase classname="APITest.userCreateApi" name="testCreateUser" time="2.052"/>
</testsuite> <!-- APITest.userCreateApi -->
