<?xml version="1.0" encoding="UTF-8"?>
<!-- Generated by org.testng.reporters.JUnitReportReporter -->
<testsuite hostname="LAPTOP-NEB2UBL9" failures="0" tests="2" name="uiTests.TestHomePage" time="0.223" errors="0" timestamp="2025-02-25T04:39:20 IST" skipped="0">
  <testcase classname="uiTests.TestHomePage" name="testFormsCard" time="0.208"/>
  <testcase classname="uiTests.TestHomePage" name="testHomePageTitle" time="0.015"/>
</testsuite> <!-- uiTests.TestHomePage -->
